<?xml version="1.0" encoding="UTF-8"?>
<testng-results ignored="0" total="1" passed="1" failed="0" skipped="0">
  <reporter-output>
  </reporter-output>
  <suite started-at="2021-06-23T16:21:46 PDT" name="Default suite" finished-at="2021-06-23T16:22:02 PDT" duration-ms="16149">
    <groups>
    </groups>
    <test started-at="2021-06-23T16:21:46 PDT" name="Default test" finished-at="2021-06-23T16:22:02 PDT" duration-ms="16149">
      <class name="com.wordpressTestcases.CalcPayment">
        <test-method signature="captureMonthlyPayment()[pri:0, instance:com.wordpressTestcases.CalcPayment@6c779568]" started-at="2021-06-23T16:21:46 PDT" name="captureMonthlyPayment" finished-at="2021-06-23T16:22:02 PDT" duration-ms="16028" status="PASS">
          <reporter-output>
          </reporter-output>
        </test-method> <!-- captureMonthlyPayment -->
      </class> <!-- com.wordpressTestcases.CalcPayment -->
    </test> <!-- Default test -->
  </suite> <!-- Default suite -->
</testng-results>
